c:\users\анна\documents\!итмо\компьютерная графика\vs\3semester\src\terrain\tiles\x64\debug\vc143.pdb
c:\users\анна\documents\!итмо\компьютерная графика\vs\3semester\src\terrain\tiles\x64\debug\vc143.idb
c:\users\анна\documents\!итмо\компьютерная графика\vs\3semester\src\terrain\tiles\x64\debug\frameresource.obj
c:\users\анна\documents\!итмо\компьютерная графика\vs\3semester\src\terrain\tiles\x64\debug\basictessellationapp.obj
c:\users\анна\documents\!итмо\компьютерная графика\vs\3semester\src\terrain\tiles\x64\debug\mathhelper.obj
c:\users\анна\documents\!итмо\компьютерная графика\vs\3semester\src\terrain\tiles\x64\debug\geometrygenerator.obj
c:\users\анна\documents\!итмо\компьютерная графика\vs\3semester\src\terrain\tiles\x64\debug\gametimer.obj
c:\users\анна\documents\!итмо\компьютерная графика\vs\3semester\src\terrain\tiles\x64\debug\ddstextureloader.obj
c:\users\анна\documents\!итмо\компьютерная графика\vs\3semester\src\terrain\tiles\x64\debug\d3dutil.obj
c:\users\анна\documents\!итмо\компьютерная графика\vs\3semester\src\terrain\tiles\x64\debug\d3dapp.obj
c:\users\анна\documents\!итмо\компьютерная графика\vs\3semester\src\terrain\tiles\x64\debug\camera.obj
c:\users\анна\documents\!итмо\компьютерная графика\vs\3semester\src\terrain\tiles\x64\debug\directxtexutil.obj
c:\users\анна\documents\!итмо\компьютерная графика\vs\3semester\src\terrain\tiles\x64\debug\directxtexdds.obj
c:\users\анна\documents\!итмо\компьютерная графика\vs\3semester\src\terrain\tiles\x64\debug\directxtexconvert.obj
c:\users\анна\documents\!итмо\компьютерная графика\vs\3semester\src\terrain\tiles\x64\debug\basictessellation.exe
c:\users\анна\documents\!итмо\компьютерная графика\vs\3semester\src\terrain\tiles\x64\debug\basictessellation.ilk
c:\users\анна\documents\!итмо\компьютерная графика\vs\3semester\src\terrain\tiles\x64\debug\basictessellation.pdb
c:\users\анна\documents\!итмо\компьютерная графика\vs\3semester\src\terrain\tiles\x64\debug\basictes.66252cda.tlog\cl.command.1.tlog
c:\users\анна\documents\!итмо\компьютерная графика\vs\3semester\src\terrain\tiles\x64\debug\basictes.66252cda.tlog\cl.items.tlog
c:\users\анна\documents\!итмо\компьютерная графика\vs\3semester\src\terrain\tiles\x64\debug\basictes.66252cda.tlog\cl.read.1.tlog
c:\users\анна\documents\!итмо\компьютерная графика\vs\3semester\src\terrain\tiles\x64\debug\basictes.66252cda.tlog\cl.write.1.tlog
c:\users\анна\documents\!итмо\компьютерная графика\vs\3semester\src\terrain\tiles\x64\debug\basictes.66252cda.tlog\fxc.command.1.tlog
c:\users\анна\documents\!итмо\компьютерная графика\vs\3semester\src\terrain\tiles\x64\debug\basictes.66252cda.tlog\fxc.read.1.tlog
c:\users\анна\documents\!итмо\компьютерная графика\vs\3semester\src\terrain\tiles\x64\debug\basictes.66252cda.tlog\link-cvtres.read.1.tlog
c:\users\анна\documents\!итмо\компьютерная графика\vs\3semester\src\terrain\tiles\x64\debug\basictes.66252cda.tlog\link-cvtres.write.1.tlog
c:\users\анна\documents\!итмо\компьютерная графика\vs\3semester\src\terrain\tiles\x64\debug\basictes.66252cda.tlog\link-rc.read.1.tlog
c:\users\анна\documents\!итмо\компьютерная графика\vs\3semester\src\terrain\tiles\x64\debug\basictes.66252cda.tlog\link-rc.write.1.tlog
c:\users\анна\documents\!итмо\компьютерная графика\vs\3semester\src\terrain\tiles\x64\debug\basictes.66252cda.tlog\link.20488-cvtres.read.1.tlog
c:\users\анна\documents\!итмо\компьютерная графика\vs\3semester\src\terrain\tiles\x64\debug\basictes.66252cda.tlog\link.20488-cvtres.write.1.tlog
c:\users\анна\documents\!итмо\компьютерная графика\vs\3semester\src\terrain\tiles\x64\debug\basictes.66252cda.tlog\link.20488-rc.read.1.tlog
c:\users\анна\documents\!итмо\компьютерная графика\vs\3semester\src\terrain\tiles\x64\debug\basictes.66252cda.tlog\link.20488-rc.write.1.tlog
c:\users\анна\documents\!итмо\компьютерная графика\vs\3semester\src\terrain\tiles\x64\debug\basictes.66252cda.tlog\link.20488.read.1.tlog
c:\users\анна\documents\!итмо\компьютерная графика\vs\3semester\src\terrain\tiles\x64\debug\basictes.66252cda.tlog\link.20488.read.2.tlog
c:\users\анна\documents\!итмо\компьютерная графика\vs\3semester\src\terrain\tiles\x64\debug\basictes.66252cda.tlog\link.20488.write.1.tlog
c:\users\анна\documents\!итмо\компьютерная графика\vs\3semester\src\terrain\tiles\x64\debug\basictes.66252cda.tlog\link.command.1.tlog
c:\users\анна\documents\!итмо\компьютерная графика\vs\3semester\src\terrain\tiles\x64\debug\basictes.66252cda.tlog\link.read.1.tlog
c:\users\анна\documents\!итмо\компьютерная графика\vs\3semester\src\terrain\tiles\x64\debug\basictes.66252cda.tlog\link.read.2.tlog
c:\users\анна\documents\!итмо\компьютерная графика\vs\3semester\src\terrain\tiles\x64\debug\basictes.66252cda.tlog\link.write.1.tlog
